<?xml version="1.0" encoding="UTF-8"?>
<!-- Generated by org.testng.reporters.JUnitXMLReporter -->
<testsuite ignored="13" hostname="LAPTOP-GMS59UUI" failures="0" tests="1" name="Chrome1" time="46.317" errors="0" timestamp="2021-10-04T14:51:17 IST">
  <testcase classname="twowaytrip.Runner" name="enterThePhoneNumber" time="40.897"/>
  <testcase classname="twowaytrip.Runner" name="enterTheTitle" time="0.0">
    <ignored/>
  </testcase> <!-- enterTheTitle -->
  <testcase classname="twowaytrip.Runner" name="sameToAndFromLocation" time="0.0">
    <ignored/>
  </testcase> <!-- sameToAndFromLocation -->
  <testcase classname="twowaytrip.Runner" name="enerValidFromLocation" time="0.0">
    <ignored/>
  </testcase> <!-- enerValidFromLocation -->
  <testcase classname="twowaytrip.Runner" name="enterTheFirstName" time="0.0">
    <ignored/>
  </testcase> <!-- enterTheFirstName -->
  <testcase classname="twowaytrip.Runner" name="testCase3" time="0.0">
    <ignored/>
  </testcase> <!-- testCase3 -->
  <testcase classname="twowaytrip.Runner" name="enterTheLastName" time="0.0">
    <ignored/>
  </testcase> <!-- enterTheLastName -->
  <testcase classname="twowaytrip.Runner" name="bookingTwoWayFlight" time="0.0">
    <ignored/>
  </testcase> <!-- bookingTwoWayFlight -->
  <testcase classname="twowaytrip.Runner" name="selectInsurance" time="0.0">
    <ignored/>
  </testcase> <!-- selectInsurance -->
  <testcase classname="twowaytrip.Runner" name="enterValidToLocation" time="0.0">
    <ignored/>
  </testcase> <!-- enterValidToLocation -->
  <testcase classname="twowaytrip.Runner" name="timeOverlap" time="0.0">
    <ignored/>
  </testcase> <!-- timeOverlap -->
  <testcase classname="twowaytrip.Runner" name="bookingFor3Person" time="0.0">
    <ignored/>
  </testcase> <!-- bookingFor3Person -->
  <testcase classname="twowaytrip.Runner" name="enterValidCoupon" time="0.0">
    <ignored/>
  </testcase> <!-- enterValidCoupon -->
  <testcase classname="twowaytrip.Runner" name="enterValidMailId" time="0.0">
    <ignored/>
  </testcase> <!-- enterValidMailId -->
</testsuite> <!-- Chrome1 -->
