<?xml version="1.0" encoding="UTF-8"?>
<!-- Generated by org.testng.reporters.JUnitXMLReporter -->
<testsuite ignored="13" hostname="LAPTOP-GMS59UUI" failures="0" tests="2" name="Chrome" time="56.499" errors="0" timestamp="2021-10-04T14:46:23 IST">
  <testcase classname="onewaytrip.Runner" name="enterTheTitle" time="32.632"/>
  <testcase classname="onewaytrip.Runner" name="selectTheStops" time="17.278"/>
  <testcase classname="onewaytrip.Runner" name="enterTheFirstName" time="0.0">
    <ignored/>
  </testcase> <!-- enterTheFirstName -->
  <testcase classname="onewaytrip.Runner" name="enterTheLastName" time="0.0">
    <ignored/>
  </testcase> <!-- enterTheLastName -->
  <testcase classname="onewaytrip.Runner" name="selectInsurance" time="0.0">
    <ignored/>
  </testcase> <!-- selectInsurance -->
  <testcase classname="onewaytrip.Runner" name="addPrivilage" time="0.0">
    <ignored/>
  </testcase> <!-- addPrivilage -->
  <testcase classname="onewaytrip.Runner" name="invalidToLocation" time="0.0">
    <ignored/>
  </testcase> <!-- invalidToLocation -->
  <testcase classname="onewaytrip.Runner" name="sameToAndFromLocation" time="0.0">
    <ignored/>
  </testcase> <!-- sameToAndFromLocation -->
  <testcase classname="onewaytrip.Runner" name="addPassengers" time="0.0">
    <ignored/>
  </testcase> <!-- addPassengers -->
  <testcase classname="onewaytrip.Runner" name="enterValidEmailId" time="0.0">
    <ignored/>
  </testcase> <!-- enterValidEmailId -->
  <testcase classname="onewaytrip.Runner" name="addCoupon" time="0.0">
    <ignored/>
  </testcase> <!-- addCoupon -->
  <testcase classname="onewaytrip.Runner" name="invalidFromLocation" time="0.0">
    <ignored/>
  </testcase> <!-- invalidFromLocation -->
  <testcase classname="onewaytrip.Runner" name="invalidCoupon" time="0.0">
    <ignored/>
  </testcase> <!-- invalidCoupon -->
  <testcase classname="onewaytrip.Runner" name="bookingOneWayFlight" time="0.0">
    <ignored/>
  </testcase> <!-- bookingOneWayFlight -->
  <testcase classname="onewaytrip.Runner" name="enterThePhoneNumber" time="0.0">
    <ignored/>
  </testcase> <!-- enterThePhoneNumber -->
</testsuite> <!-- Chrome -->
