<?xml version="1.0" encoding="UTF-8"?>
<!-- Generated by org.testng.reporters.JUnitXMLReporter -->
<testsuite ignored="1" hostname="LAPTOP-GMS59UUI" failures="0" tests="14" name="Chrome" time="390.844" errors="0" timestamp="2021-10-04T08:24:02 IST">
  <testcase classname="onewaytrip.Runner" name="testCase1" time="42.877"/>
  <testcase classname="onewaytrip.Runner" name="testCase2" time="20.932"/>
  <testcase classname="onewaytrip.Runner" name="booking" time="25.585"/>
  <testcase classname="onewaytrip.Runner" name="testCase4" time="23.952"/>
  <testcase classname="onewaytrip.Runner" name="testCase5" time="34.081"/>
  <testcase classname="onewaytrip.Runner" name="testCase6" time="34.046"/>
  <testcase classname="onewaytrip.Runner" name="testCase7" time="32.77"/>
  <testcase classname="onewaytrip.Runner" name="testCase8" time="28.094"/>
  <testcase classname="onewaytrip.Runner" name="testCase11" time="26.936"/>
  <testcase classname="onewaytrip.Runner" name="testCase15" time="33.22"/>
  <testcase classname="onewaytrip.Runner" name="testCase14" time="20.675"/>
  <testcase classname="onewaytrip.Runner" name="testCase12" time="16.213"/>
  <testcase classname="onewaytrip.Runner" name="testCase13" time="15.008"/>
  <testcase classname="onewaytrip.Runner" name="testCase10" time="16.474"/>
  <testcase classname="onewaytrip.Runner" name="testCase9" time="0.0">
    <ignored/>
  </testcase> <!-- testCase9 -->
</testsuite> <!-- Chrome -->
