<?xml version="1.0" encoding="UTF-8"?>
<testsuite xmlns:xsi="http://www.w3.org/2001/XMLSchema-instance" xsi:noNamespaceSchemaLocation="https://maven.apache.org/surefire/maven-surefire-plugin/xsd/surefire-test-report-3.0.xsd" version="3.0" name="TestSuite" time="392.105" tests="14" errors="0" skipped="0" failures="0">
  <properties>
[...]
</properties>
  <testcase name="testCase1" classname="onewaytrip.Runner" time="42.864">
    <system-err><![CDATA[Starting ChromeDriver 94.0.4606.61 (418b78f5838ed0b1c69bb4e51ea0252171854915-refs/branch-heads/4606@{#1204}) on port 29177
Only local connections are allowed.
Please see https://chromedriver.chromium.org/security-considerations for suggestions on keeping ChromeDriver safe.
ChromeDriver was started successfully.
Oct 04, 2021 8:17:44 AM org.openqa.selenium.remote.ProtocolHandshake createSession
INFO: Detected dialect: W3C
]]></system-err>
  </testcase>
  <testcase name="testCase2" classname="onewaytrip.Runner" time="20.931"/>
  <testcase name="booking[Kolkata, bangalore, kapeeddj12gmail.com](1)" classname="onewaytrip.Runner" time="25.588"/>
  <testcase name="testCase4" classname="onewaytrip.Runner" time="23.952"/>
  <testcase name="testCase5" classname="onewaytrip.Runner" time="34.081"/>
  <testcase name="testCase6" classname="onewaytrip.Runner" time="34.046"/>
  <testcase name="testCase7" classname="onewaytrip.Runner" time="32.77"/>
  <testcase name="testCase8" classname="onewaytrip.Runner" time="28.093"/>
  <testcase name="testCase11" classname="onewaytrip.Runner" time="26.936"/>
  <testcase name="testCase15" classname="onewaytrip.Runner" time="33.22"/>
  <testcase name="testCase14" classname="onewaytrip.Runner" time="20.675"/>
  <testcase name="testCase12" classname="onewaytrip.Runner" time="16.215"/>
  <testcase name="testCase13" classname="onewaytrip.Runner" time="15.008"/>
  <testcase name="testCase10" classname="onewaytrip.Runner" time="16.474"/>
</testsuite>