<?xml version="1.0" encoding="UTF-8"?>
<testng-results ignored="13" total="14" passed="1" failed="0" skipped="0">
  <reporter-output>
  </reporter-output>
  <suite started-at="2021-10-04T14:50:30 IST" name="Suite" finished-at="2021-10-04T14:51:17 IST" duration-ms="46317">
    <groups>
    </groups>
    <test started-at="2021-10-04T14:50:30 IST" name="Chrome1" finished-at="2021-10-04T14:51:17 IST" duration-ms="46317">
      <class name="twowaytrip.Runner">
        <test-method is-config="true" signature="beforeTest(java.lang.String)[pri:0, instance:twowaytrip.Runner@49b0b76]" started-at="2021-10-04T14:50:30 IST" name="beforeTest" finished-at="2021-10-04T14:50:33 IST" duration-ms="2524" status="PASS">
          <params>
            <param index="0">
              <value>
                <![CDATA[chrome]]>
              </value>
            </param>
          </params>
          <reporter-output>
          </reporter-output>
        </test-method> <!-- beforeTest -->
        <test-method signature="enterThePhoneNumber()[pri:0, instance:twowaytrip.Runner@49b0b76]" started-at="2021-10-04T14:50:33 IST" name="enterThePhoneNumber" description="enter the phone number" finished-at="2021-10-04T14:51:14 IST" duration-ms="40897" status="PASS">
          <reporter-output>
          </reporter-output>
        </test-method> <!-- enterThePhoneNumber -->
        <test-method is-config="true" signature="afterTest()[pri:0, instance:twowaytrip.Runner@49b0b76]" started-at="2021-10-04T14:51:14 IST" name="afterTest" finished-at="2021-10-04T14:51:17 IST" duration-ms="2859" status="PASS">
          <reporter-output>
          </reporter-output>
        </test-method> <!-- afterTest -->
      </class> <!-- twowaytrip.Runner -->
    </test> <!-- Chrome1 -->
  </suite> <!-- Suite -->
</testng-results>
